{"numFailedTestSuites":0,"numFailedTests":0,"numPassedTestSuites":6,"numPassedTests":168,"numPendingTestSuites":0,"numPendingTests":0,"numRuntimeErrorTestSuites":0,"numTodoTests":0,"numTotalTestSuites":6,"numTotalTests":168,"openHandles":[],"snapshot":{"added":0,"didUpdate":false,"failure":false,"filesAdded":0,"filesRemoved":0,"filesRemovedList":[],"filesUnmatched":0,"filesUpdated":0,"matched":0,"total":0,"unchecked":0,"uncheckedKeysByFile":[],"unmatched":0,"updated":0},"startTime":1778908641809,"success":true,"testResults":[{"assertionResults":[{"ancestorTitles":["P3: Worker Isolation & Fault Containment","Webhook Worker Isolation"],"duration":7,"failureDetails":[],"failureMessages":[],"fullName":"P3: Worker Isolation & Fault Containment Webhook Worker Isolation should be compliant","invocations":1,"location":null,"numPassingAsserts":3,"retryReasons":[],"status":"passed","title":"should be compliant"},{"ancestorTitles":["P3: Worker Isolation & Fault Containment","Webhook Worker Isolation"],"duration":2,"failureDetails":[],"failureMessages":[],"fullName":"P3: Worker Isolation & Fault Containment Webhook Worker Isolation should have PM2 cluster config","invocations":1,"location":null,"numPassingAsserts":1,"retryReasons":[],"status":"passed","title":"should have PM2 cluster config"},{"ancestorTitles":["P3: Worker Isolation & Fault Containment","Webhook Worker Isolation"],"duration":1,"failureDetails":[],"failureMessages":[],"fullName":"P3: Worker Isolation & Fault Containment Webhook Worker Isolation should have error handling","invocations":1,"location":null,"numPassingAsserts":1,"retryReasons":[],"status":"passed","title":"should have error handling"},{"ancestorTitles":["P3: Worker Isolation & Fault Containment","Webhook Worker Isolation"],"duration":1,"failureDetails":[],"failureMessages":[],"fullName":"P3: Worker Isolation & Fault Containment Webhook Worker Isolation should have DLQ configuration","invocations":1,"location":null,"numPassingAsserts":1,"retryReasons":[],"status":"passed","title":"should have DLQ configuration"},{"ancestorTitles":["P3: Worker Isolation & Fault Containment","Refund Worker Isolation"],"duration":1,"failureDetails":[],"failureMessages":[],"fullName":"P3: Worker Isolation & Fault Containment Refund Worker Isolation should be compliant","invocations":1,"location":null,"numPassingAsserts":3,"retryReasons":[],"status":"passed","title":"should be compliant"},{"ancestorTitles":["P3: Worker Isolation & Fault Containment","Refund Worker Isolation"],"duration":6,"failureDetails":[],"failureMessages":[],"fullName":"P3: Worker Isolation & Fault Containment Refund Worker Isolation should have single instance (no concurrency)","invocations":1,"location":null,"numPassingAsserts":1,"retryReasons":[],"status":"passed","title":"should have single instance (no concurrency)"},{"ancestorTitles":["P3: Worker Isolation & Fault Containment","Refund Worker Isolation"],"duration":1,"failureDetails":[],"failureMessages":[],"fullName":"P3: Worker Isolation & Fault Containment Refund Worker Isolation should have high retry limit (financial safety)","invocations":1,"location":null,"numPassingAsserts":1,"retryReasons":[],"status":"passed","title":"should have high retry limit (financial safety)"},{"ancestorTitles":["P3: Worker Isolation & Fault Containment","Refund Worker Isolation"],"duration":1,"failureDetails":[],"failureMessages":[],"fullName":"P3: Worker Isolation & Fault Containment Refund Worker Isolation should have long graceful shutdown timeout","invocations":1,"location":null,"numPassingAsserts":1,"retryReasons":[],"status":"passed","title":"should have long graceful shutdown timeout"},{"ancestorTitles":["P3: Worker Isolation & Fault Containment","Email Worker Isolation"],"duration":1,"failureDetails":[],"failureMessages":[],"fullName":"P3: Worker Isolation & Fault Containment Email Worker Isolation should be compliant","invocations":1,"location":null,"numPassingAsserts":3,"retryReasons":[],"status":"passed","title":"should be compliant"},{"ancestorTitles":["P3: Worker Isolation & Fault Containment","Email Worker Isolation"],"duration":1,"failureDetails":[],"failureMessages":[],"fullName":"P3: Worker Isolation & Fault Containment Email Worker Isolation should allow multiple instances (not critical)","invocations":1,"location":null,"numPassingAsserts":1,"retryReasons":[],"status":"passed","title":"should allow multiple instances (not critical)"},{"ancestorTitles":["P3: Worker Isolation & Fault Containment","Email Worker Isolation"],"duration":1,"failureDetails":[],"failureMessages":[],"fullName":"P3: Worker Isolation & Fault Containment Email Worker Isolation should have short shutdown timeout (non-critical)","invocations":1,"location":null,"numPassingAsserts":1,"retryReasons":[],"status":"passed","title":"should have short shutdown timeout (non-critical)"},{"ancestorTitles":["P3: Worker Isolation & Fault Containment","Scheduler Worker Isolation"],"duration":0,"failureDetails":[],"failureMessages":[],"fullName":"P3: Worker Isolation & Fault Containment Scheduler Worker Isolation should be compliant","invocations":1,"location":null,"numPassingAsserts":3,"retryReasons":[],"status":"passed","title":"should be compliant"},{"ancestorTitles":["P3: Worker Isolation & Fault Containment","Scheduler Worker Isolation"],"duration":1,"failureDetails":[],"failureMessages":[],"fullName":"P3: Worker Isolation & Fault Containment Scheduler Worker Isolation should not use DLQ (scheduler jobs are not queueable)","invocations":1,"location":null,"numPassingAsserts":1,"retryReasons":[],"status":"passed","title":"should not use DLQ (scheduler jobs are not queueable)"},{"ancestorTitles":["P3: Worker Isolation & Fault Containment","DLQ Worker Isolation"],"duration":1,"failureDetails":[],"failureMessages":[],"fullName":"P3: Worker Isolation & Fault Containment DLQ Worker Isolation should be compliant","invocations":1,"location":null,"numPassingAsserts":3,"retryReasons":[],"status":"passed","title":"should be compliant"},{"ancestorTitles":["P3: Worker Isolation & Fault Containment","DLQ Worker Isolation"],"duration":1,"failureDetails":[],"failureMessages":[],"fullName":"P3: Worker Isolation & Fault Containment DLQ Worker Isolation should have very long timeout (safety-critical)","invocations":1,"location":null,"numPassingAsserts":1,"retryReasons":[],"status":"passed","title":"should have very long timeout (safety-critical)"},{"ancestorTitles":["P3: Worker Isolation & Fault Containment","DLQ Worker Isolation"],"duration":1,"failureDetails":[],"failureMessages":[],"fullName":"P3: Worker Isolation & Fault Containment DLQ Worker Isolation should have high retry count (prevent data loss)","invocations":1,"location":null,"numPassingAsserts":1,"retryReasons":[],"status":"passed","title":"should have high retry count (prevent data loss)"},{"ancestorTitles":["P3: Worker Isolation & Fault Containment","Full Worker Isolation Audit"],"duration":1,"failureDetails":[],"failureMessages":[],"fullName":"P3: Worker Isolation & Fault Containment Full Worker Isolation Audit should audit all workers","invocations":1,"location":null,"numPassingAsserts":2,"retryReasons":[],"status":"passed","title":"should audit all workers"},{"ancestorTitles":["P3: Worker Isolation & Fault Containment","Full Worker Isolation Audit"],"duration":2,"failureDetails":[],"failureMessages":[],"fullName":"P3: Worker Isolation & Fault Containment Full Worker Isolation Audit should check compliance status","invocations":1,"location":null,"numPassingAsserts":3,"retryReasons":[],"status":"passed","title":"should check compliance status"},{"ancestorTitles":["P3: Worker Isolation & Fault Containment","Full Worker Isolation Audit"],"duration":2,"failureDetails":[],"failureMessages":[],"fullName":"P3: Worker Isolation & Fault Containment Full Worker Isolation Audit should list all worker names","invocations":1,"location":null,"numPassingAsserts":5,"retryReasons":[],"status":"passed","title":"should list all worker names"},{"ancestorTitles":["P3: Worker Isolation & Fault Containment","Full Worker Isolation Audit"],"duration":1,"failureDetails":[],"failureMessages":[],"fullName":"P3: Worker Isolation & Fault Containment Full Worker Isolation Audit should report all workers compliant","invocations":1,"location":null,"numPassingAsserts":2,"retryReasons":[],"status":"passed","title":"should report all workers compliant"},{"ancestorTitles":["P3: Worker Isolation & Fault Containment","Full Worker Isolation Audit"],"duration":1,"failureDetails":[],"failureMessages":[],"fullName":"P3: Worker Isolation & Fault Containment Full Worker Isolation Audit should detail violations if any","invocations":1,"location":null,"numPassingAsserts":0,"retryReasons":[],"status":"passed","title":"should detail violations if any"},{"ancestorTitles":["P3: Worker Isolation & Fault Containment","Worker Crash Isolation"],"duration":1,"failureDetails":[],"failureMessages":[],"fullName":"P3: Worker Isolation & Fault Containment Worker Crash Isolation should simulate webhook crash","invocations":1,"location":null,"numPassingAsserts":3,"retryReasons":[],"status":"passed","title":"should simulate webhook crash"},{"ancestorTitles":["P3: Worker Isolation & Fault Containment","Worker Crash Isolation"],"duration":2,"failureDetails":[],"failureMessages":[],"fullName":"P3: Worker Isolation & Fault Containment Worker Crash Isolation other workers should survive crash","invocations":1,"location":null,"numPassingAsserts":3,"retryReasons":[],"status":"passed","title":"other workers should survive crash"},{"ancestorTitles":["P3: Worker Isolation & Fault Containment","Worker Crash Isolation"],"duration":2,"failureDetails":[],"failureMessages":[],"fullName":"P3: Worker Isolation & Fault Containment Worker Crash Isolation should measure crash impact time","invocations":1,"location":null,"numPassingAsserts":2,"retryReasons":[],"status":"passed","title":"should measure crash impact time"},{"ancestorTitles":["P3: Worker Isolation & Fault Containment","Worker Crash Isolation"],"duration":1,"failureDetails":[],"failureMessages":[],"fullName":"P3: Worker Isolation & Fault Containment Worker Crash Isolation should verify isolation property","invocations":1,"location":null,"numPassingAsserts":1,"retryReasons":[],"status":"passed","title":"should verify isolation property"},{"ancestorTitles":["P3: Worker Isolation & Fault Containment","Worker Restart Recovery"],"duration":3,"failureDetails":[],"failureMessages":[],"fullName":"P3: Worker Isolation & Fault Containment Worker Restart Recovery should recover from crash","invocations":1,"location":null,"numPassingAsserts":3,"retryReasons":[],"status":"passed","title":"should recover from crash"},{"ancestorTitles":["P3: Worker Isolation & Fault Containment","Worker Restart Recovery"],"duration":1,"failureDetails":[],"failureMessages":[],"fullName":"P3: Worker Isolation & Fault Containment Worker Restart Recovery should replay failed jobs from DLQ","invocations":1,"location":null,"numPassingAsserts":2,"retryReasons":[],"status":"passed","title":"should replay failed jobs from DLQ"},{"ancestorTitles":["P3: Worker Isolation & Fault Containment","Worker Restart Recovery"],"duration":1,"failureDetails":[],"failureMessages":[],"fullName":"P3: Worker Isolation & Fault Containment Worker Restart Recovery should compute recovery rate","invocations":1,"location":null,"numPassingAsserts":2,"retryReasons":[],"status":"passed","title":"should compute recovery rate"},{"ancestorTitles":["P3: Worker Isolation & Fault Containment","Worker Restart Recovery"],"duration":1,"failureDetails":[],"failureMessages":[],"fullName":"P3: Worker Isolation & Fault Containment Worker Restart Recovery should handle empty restart (no failed jobs)","invocations":1,"location":null,"numPassingAsserts":2,"retryReasons":[],"status":"passed","title":"should handle empty restart (no failed jobs)"},{"ancestorTitles":["P3: Worker Isolation & Fault Containment","Graceful Shutdown"],"duration":1,"failureDetails":[],"failureMessages":[],"fullName":"P3: Worker Isolation & Fault Containment Graceful Shutdown should shutdown gracefully","invocations":1,"location":null,"numPassingAsserts":3,"retryReasons":[],"status":"passed","title":"should shutdown gracefully"},{"ancestorTitles":["P3: Worker Isolation & Fault Containment","Graceful Shutdown"],"duration":1,"failureDetails":[],"failureMessages":[],"fullName":"P3: Worker Isolation & Fault Containment Graceful Shutdown should complete current job before shutdown","invocations":1,"location":null,"numPassingAsserts":2,"retryReasons":[],"status":"passed","title":"should complete current job before shutdown"},{"ancestorTitles":["P3: Worker Isolation & Fault Containment","Graceful Shutdown"],"duration":1,"failureDetails":[],"failureMessages":[],"fullName":"P3: Worker Isolation & Fault Containment Graceful Shutdown should not corrupt state","invocations":1,"location":null,"numPassingAsserts":2,"retryReasons":[],"status":"passed","title":"should not corrupt state"},{"ancestorTitles":["P3: Worker Isolation & Fault Containment","Graceful Shutdown"],"duration":1,"failureDetails":[],"failureMessages":[],"fullName":"P3: Worker Isolation & Fault Containment Graceful Shutdown should measure shutdown time","invocations":1,"location":null,"numPassingAsserts":2,"retryReasons":[],"status":"passed","title":"should measure shutdown time"},{"ancestorTitles":["P3: Worker Isolation & Fault Containment","Graceful Shutdown"],"duration":1,"failureDetails":[],"failureMessages":[],"fullName":"P3: Worker Isolation & Fault Containment Graceful Shutdown should respect timeout","invocations":1,"location":null,"numPassingAsserts":1,"retryReasons":[],"status":"passed","title":"should respect timeout"},{"ancestorTitles":["P3: Worker Isolation & Fault Containment","Full P3 Worker Isolation Test Suite"],"duration":3,"failureDetails":[],"failureMessages":[],"fullName":"P3: Worker Isolation & Fault Containment Full P3 Worker Isolation Test Suite should run complete isolation test suite","invocations":1,"location":null,"numPassingAsserts":5,"retryReasons":[],"status":"passed","title":"should run complete isolation test suite"},{"ancestorTitles":["P3: Worker Isolation & Fault Containment","Full P3 Worker Isolation Test Suite"],"duration":2,"failureDetails":[],"failureMessages":[],"fullName":"P3: Worker Isolation & Fault Containment Full P3 Worker Isolation Test Suite should measure total test duration","invocations":1,"location":null,"numPassingAsserts":3,"retryReasons":[],"status":"passed","title":"should measure total test duration"},{"ancestorTitles":["P3: Worker Isolation & Fault Containment","Full P3 Worker Isolation Test Suite"],"duration":1,"failureDetails":[],"failureMessages":[],"fullName":"P3: Worker Isolation & Fault Containment Full P3 Worker Isolation Test Suite should report pass/fail","invocations":1,"location":null,"numPassingAsserts":2,"retryReasons":[],"status":"passed","title":"should report pass/fail"},{"ancestorTitles":["P3: Worker Isolation & Fault Containment","Full P3 Worker Isolation Test Suite"],"duration":2,"failureDetails":[],"failureMessages":[],"fullName":"P3: Worker Isolation & Fault Containment Full P3 Worker Isolation Test Suite should not throw on errors","invocations":1,"location":null,"numPassingAsserts":2,"retryReasons":[],"status":"passed","title":"should not throw on errors"},{"ancestorTitles":["P3: Worker Isolation & Fault Containment","Isolation Properties"],"duration":1,"failureDetails":[],"failureMessages":[],"fullName":"P3: Worker Isolation & Fault Containment Isolation Properties webhook crash should not affect refund","invocations":1,"location":null,"numPassingAsserts":1,"retryReasons":[],"status":"passed","title":"webhook crash should not affect refund"},{"ancestorTitles":["P3: Worker Isolation & Fault Containment","Isolation Properties"],"duration":1,"failureDetails":[],"failureMessages":[],"fullName":"P3: Worker Isolation & Fault Containment Isolation Properties refund crash should not affect email","invocations":1,"location":null,"numPassingAsserts":1,"retryReasons":[],"status":"passed","title":"refund crash should not affect email"},{"ancestorTitles":["P3: Worker Isolation & Fault Containment","Isolation Properties"],"duration":0,"failureDetails":[],"failureMessages":[],"fullName":"P3: Worker Isolation & Fault Containment Isolation Properties email crash should not affect scheduler","invocations":1,"location":null,"numPassingAsserts":1,"retryReasons":[],"status":"passed","title":"email crash should not affect scheduler"},{"ancestorTitles":["P3: Worker Isolation & Fault Containment","Isolation Properties"],"duration":1,"failureDetails":[],"failureMessages":[],"fullName":"P3: Worker Isolation & Fault Containment Isolation Properties all workers should recover independently","invocations":1,"location":null,"numPassingAsserts":3,"retryReasons":[],"status":"passed","title":"all workers should recover independently"},{"ancestorTitles":["P3: Worker Isolation & Fault Containment","State Corruption Prevention"],"duration":1,"failureDetails":[],"failureMessages":[],"fullName":"P3: Worker Isolation & Fault Containment State Corruption Prevention graceful shutdown should prevent mid-job corruption","invocations":1,"location":null,"numPassingAsserts":2,"retryReasons":[],"status":"passed","title":"graceful shutdown should prevent mid-job corruption"},{"ancestorTitles":["P3: Worker Isolation & Fault Containment","State Corruption Prevention"],"duration":1,"failureDetails":[],"failureMessages":[],"fullName":"P3: Worker Isolation & Fault Containment State Corruption Prevention crash recovery should detect corrupted jobs","invocations":1,"location":null,"numPassingAsserts":1,"retryReasons":[],"status":"passed","title":"crash recovery should detect corrupted jobs"},{"ancestorTitles":["P3: Worker Isolation & Fault Containment","State Corruption Prevention"],"duration":1,"failureDetails":[],"failureMessages":[],"fullName":"P3: Worker Isolation & Fault Containment State Corruption Prevention all workers should maintain state consistency","invocations":1,"location":null,"numPassingAsserts":1,"retryReasons":[],"status":"passed","title":"all workers should maintain state consistency"},{"ancestorTitles":["P3: Worker Isolation & Fault Containment","Dead Letter Queue (DLQ)"],"duration":0,"failureDetails":[],"failureMessages":[],"fullName":"P3: Worker Isolation & Fault Containment Dead Letter Queue (DLQ) failed webhook jobs should go to DLQ","invocations":1,"location":null,"numPassingAsserts":1,"retryReasons":[],"status":"passed","title":"failed webhook jobs should go to DLQ"},{"ancestorTitles":["P3: Worker Isolation & Fault Containment","Dead Letter Queue (DLQ)"],"duration":0,"failureDetails":[],"failureMessages":[],"fullName":"P3: Worker Isolation & Fault Containment Dead Letter Queue (DLQ) failed refund jobs should go to DLQ","invocations":1,"location":null,"numPassingAsserts":1,"retryReasons":[],"status":"passed","title":"failed refund jobs should go to DLQ"},{"ancestorTitles":["P3: Worker Isolation & Fault Containment","Dead Letter Queue (DLQ)"],"duration":1,"failureDetails":[],"failureMessages":[],"fullName":"P3: Worker Isolation & Fault Containment Dead Letter Queue (DLQ) DLQ archiver should be isolated","invocations":1,"location":null,"numPassingAsserts":2,"retryReasons":[],"status":"passed","title":"DLQ archiver should be isolated"},{"ancestorTitles":["P3: Worker Isolation & Fault Containment","Dead Letter Queue (DLQ)"],"duration":1,"failureDetails":[],"failureMessages":[],"fullName":"P3: Worker Isolation & Fault Containment Dead Letter Queue (DLQ) DLQ failures should not lose data","invocations":1,"location":null,"numPassingAsserts":1,"retryReasons":[],"status":"passed","title":"DLQ failures should not lose data"},{"ancestorTitles":["P3: Worker Isolation & Fault Containment","Multi-Worker Scenarios"],"duration":1,"failureDetails":[],"failureMessages":[],"fullName":"P3: Worker Isolation & Fault Containment Multi-Worker Scenarios multiple crashes should isolate","invocations":1,"location":null,"numPassingAsserts":2,"retryReasons":[],"status":"passed","title":"multiple crashes should isolate"},{"ancestorTitles":["P3: Worker Isolation & Fault Containment","Multi-Worker Scenarios"],"duration":2,"failureDetails":[],"failureMessages":[],"fullName":"P3: Worker Isolation & Fault Containment Multi-Worker Scenarios concurrent restarts should succeed","invocations":1,"location":null,"numPassingAsserts":3,"retryReasons":[],"status":"passed","title":"concurrent restarts should succeed"},{"ancestorTitles":["P3: Worker Isolation & Fault Containment","Multi-Worker Scenarios"],"duration":1,"failureDetails":[],"failureMessages":[],"fullName":"P3: Worker Isolation & Fault Containment Multi-Worker Scenarios cascading failures should not corrupt","invocations":1,"location":null,"numPassingAsserts":3,"retryReasons":[],"status":"passed","title":"cascading failures should not corrupt"}],"endTime":1778908643379,"message":"","name":"C:\\Users\\KAKARLA RAJESH\\OneDrive\\Pictures\\planbuddy_v9_backend_productivity\\planbuddy_v9\\__tests__\\workerIsolationAudit.unit.test.js","startTime":1778908642021,"status":"passed","summary":""},{"assertionResults":[{"ancestorTitles":["ISSUE 1: Webhook → Queue → Worker → Financial Apply Guarantee (producer-side proof)"],"duration":268,"failureDetails":[],"failureMessages":[],"fullName":"ISSUE 1: Webhook → Queue → Worker → Financial Apply Guarantee (producer-side proof) webhook request is persisted and enqueues webhook-events job","invocations":1,"location":null,"numPassingAsserts":5,"retryReasons":[],"status":"passed","title":"webhook request is persisted and enqueues webhook-events job"}],"endTime":1778908644858,"message":"","name":"C:\\Users\\KAKARLA RAJESH\\OneDrive\\Pictures\\planbuddy_v9_backend_productivity\\planbuddy_v9\\__tests__\\webhook.processingGuarantee.unit.test.js","startTime":1778908643415,"status":"passed","summary":""},{"assertionResults":[{"ancestorTitles":["Exactly-Once Refund Guarantee (Unit Tests)","Idempotency Key Protection"],"duration":2,"failureDetails":[],"failureMessages":[],"fullName":"Exactly-Once Refund Guarantee (Unit Tests) Idempotency Key Protection should prevent duplicate refunds with same idempotency key","invocations":1,"location":null,"numPassingAsserts":2,"retryReasons":[],"status":"passed","title":"should prevent duplicate refunds with same idempotency key"},{"ancestorTitles":["Exactly-Once Refund Guarantee (Unit Tests)","Idempotency Key Protection"],"duration":1,"failureDetails":[],"failureMessages":[],"fullName":"Exactly-Once Refund Guarantee (Unit Tests) Idempotency Key Protection should allow different refunds with different idempotency keys","invocations":1,"location":null,"numPassingAsserts":2,"retryReasons":[],"status":"passed","title":"should allow different refunds with different idempotency keys"},{"ancestorTitles":["Exactly-Once Refund Guarantee (Unit Tests)","Transaction Isolation"],"duration":3,"failureDetails":[],"failureMessages":[],"fullName":"Exactly-Once Refund Guarantee (Unit Tests) Transaction Isolation should handle concurrent refund requests safely","invocations":1,"location":null,"numPassingAsserts":11,"retryReasons":[],"status":"passed","title":"should handle concurrent refund requests safely"},{"ancestorTitles":["Exactly-Once Refund Guarantee (Unit Tests)","Circuit Breaker Protection"],"duration":2,"failureDetails":[],"failureMessages":[],"fullName":"Exactly-Once Refund Guarantee (Unit Tests) Circuit Breaker Protection should transition CLOSED → OPEN on repeated failures","invocations":1,"location":null,"numPassingAsserts":2,"retryReasons":[],"status":"passed","title":"should transition CLOSED → OPEN on repeated failures"},{"ancestorTitles":["Exactly-Once Refund Guarantee (Unit Tests)","Circuit Breaker Protection"],"duration":115,"failureDetails":[],"failureMessages":[],"fullName":"Exactly-Once Refund Guarantee (Unit Tests) Circuit Breaker Protection should transition OPEN → HALF_OPEN after timeout","invocations":1,"location":null,"numPassingAsserts":3,"retryReasons":[],"status":"passed","title":"should transition OPEN → HALF_OPEN after timeout"},{"ancestorTitles":["Exactly-Once Refund Guarantee (Unit Tests)","Circuit Breaker Protection"],"duration":108,"failureDetails":[],"failureMessages":[],"fullName":"Exactly-Once Refund Guarantee (Unit Tests) Circuit Breaker Protection should transition HALF_OPEN → CLOSED on success","invocations":1,"location":null,"numPassingAsserts":3,"retryReasons":[],"status":"passed","title":"should transition HALF_OPEN → CLOSED on success"},{"ancestorTitles":["Exactly-Once Refund Guarantee (Unit Tests)","Payment Status Validation"],"duration":0,"failureDetails":[],"failureMessages":[],"fullName":"Exactly-Once Refund Guarantee (Unit Tests) Payment Status Validation should reject refund on non-captured payment","invocations":1,"location":null,"numPassingAsserts":2,"retryReasons":[],"status":"passed","title":"should reject refund on non-captured payment"},{"ancestorTitles":["Exactly-Once Refund Guarantee (Unit Tests)","Payment Status Validation"],"duration":1,"failureDetails":[],"failureMessages":[],"fullName":"Exactly-Once Refund Guarantee (Unit Tests) Payment Status Validation should accept refund on captured payment","invocations":1,"location":null,"numPassingAsserts":1,"retryReasons":[],"status":"passed","title":"should accept refund on captured payment"},{"ancestorTitles":["Exactly-Once Refund Guarantee (Unit Tests)","Audit Trail & Observability"],"duration":2,"failureDetails":[],"failureMessages":[],"fullName":"Exactly-Once Refund Guarantee (Unit Tests) Audit Trail & Observability should record refund metadata for audit","invocations":1,"location":null,"numPassingAsserts":4,"retryReasons":[],"status":"passed","title":"should record refund metadata for audit"}],"endTime":1778908645493,"message":"","name":"C:\\Users\\KAKARLA RAJESH\\OneDrive\\Pictures\\planbuddy_v9_backend_productivity\\planbuddy_v9\\__tests__\\exactlyOnceRefund.unit.test.js","startTime":1778908644889,"status":"passed","summary":""},{"assertionResults":[{"ancestorTitles":["P2: Replay + Idempotency Load Tests","Concurrent Webhook Storm"],"duration":2,"failureDetails":[],"failureMessages":[],"fullName":"P2: Replay + Idempotency Load Tests Concurrent Webhook Storm should handle 100 concurrent webhooks","invocations":1,"location":null,"numPassingAsserts":4,"retryReasons":[],"status":"passed","title":"should handle 100 concurrent webhooks"},{"ancestorTitles":["P2: Replay + Idempotency Load Tests","Concurrent Webhook Storm"],"duration":1,"failureDetails":[],"failureMessages":[],"fullName":"P2: Replay + Idempotency Load Tests Concurrent Webhook Storm should track success rate","invocations":1,"location":null,"numPassingAsserts":3,"retryReasons":[],"status":"passed","title":"should track success rate"},{"ancestorTitles":["P2: Replay + Idempotency Load Tests","Concurrent Webhook Storm"],"duration":1,"failureDetails":[],"failureMessages":[],"fullName":"P2: Replay + Idempotency Load Tests Concurrent Webhook Storm should detect duplicates in storm","invocations":1,"location":null,"numPassingAsserts":2,"retryReasons":[],"status":"passed","title":"should detect duplicates in storm"},{"ancestorTitles":["P2: Replay + Idempotency Load Tests","Concurrent Webhook Storm"],"duration":1,"failureDetails":[],"failureMessages":[],"fullName":"P2: Replay + Idempotency Load Tests Concurrent Webhook Storm should measure performance","invocations":1,"location":null,"numPassingAsserts":3,"retryReasons":[],"status":"passed","title":"should measure performance"},{"ancestorTitles":["P2: Replay + Idempotency Load Tests","Duplicate Webhook Storm"],"duration":3,"failureDetails":[],"failureMessages":[],"fullName":"P2: Replay + Idempotency Load Tests Duplicate Webhook Storm should handle 100 duplicate attempts of same event","invocations":1,"location":null,"numPassingAsserts":3,"retryReasons":[],"status":"passed","title":"should handle 100 duplicate attempts of same event"},{"ancestorTitles":["P2: Replay + Idempotency Load Tests","Duplicate Webhook Storm"],"duration":1,"failureDetails":[],"failureMessages":[],"fullName":"P2: Replay + Idempotency Load Tests Duplicate Webhook Storm should apply only one mutation","invocations":1,"location":null,"numPassingAsserts":2,"retryReasons":[],"status":"passed","title":"should apply only one mutation"},{"ancestorTitles":["P2: Replay + Idempotency Load Tests","Duplicate Webhook Storm"],"duration":1,"failureDetails":[],"failureMessages":[],"fullName":"P2: Replay + Idempotency Load Tests Duplicate Webhook Storm should deduplicate most attempts","invocations":1,"location":null,"numPassingAsserts":2,"retryReasons":[],"status":"passed","title":"should deduplicate most attempts"},{"ancestorTitles":["P2: Replay + Idempotency Load Tests","Duplicate Webhook Storm"],"duration":2,"failureDetails":[],"failureMessages":[],"fullName":"P2: Replay + Idempotency Load Tests Duplicate Webhook Storm should respect concurrency limit","invocations":1,"location":null,"numPassingAsserts":2,"retryReasons":[],"status":"passed","title":"should respect concurrency limit"},{"ancestorTitles":["P2: Replay + Idempotency Load Tests","Out-of-Order Webhook Delivery"],"duration":1,"failureDetails":[],"failureMessages":[],"fullName":"P2: Replay + Idempotency Load Tests Out-of-Order Webhook Delivery should process shuffled event order","invocations":1,"location":null,"numPassingAsserts":2,"retryReasons":[],"status":"passed","title":"should process shuffled event order"},{"ancestorTitles":["P2: Replay + Idempotency Load Tests","Out-of-Order Webhook Delivery"],"duration":10,"failureDetails":[],"failureMessages":[],"fullName":"P2: Replay + Idempotency Load Tests Out-of-Order Webhook Delivery should produce valid final state","invocations":1,"location":null,"numPassingAsserts":31,"retryReasons":[],"status":"passed","title":"should produce valid final state"},{"ancestorTitles":["P2: Replay + Idempotency Load Tests","Out-of-Order Webhook Delivery"],"duration":1,"failureDetails":[],"failureMessages":[],"fullName":"P2: Replay + Idempotency Load Tests Out-of-Order Webhook Delivery should measure processing time","invocations":1,"location":null,"numPassingAsserts":2,"retryReasons":[],"status":"passed","title":"should measure processing time"},{"ancestorTitles":["P2: Replay + Idempotency Load Tests","Out-of-Order Webhook Delivery"],"duration":1,"failureDetails":[],"failureMessages":[],"fullName":"P2: Replay + Idempotency Load Tests Out-of-Order Webhook Delivery should handle empty event list","invocations":1,"location":null,"numPassingAsserts":2,"retryReasons":[],"status":"passed","title":"should handle empty event list"},{"ancestorTitles":["P2: Replay + Idempotency Load Tests","Crash Recovery & Replay"],"duration":2,"failureDetails":[],"failureMessages":[],"fullName":"P2: Replay + Idempotency Load Tests Crash Recovery & Replay should recover from crash with failed events","invocations":1,"location":null,"numPassingAsserts":2,"retryReasons":[],"status":"passed","title":"should recover from crash with failed events"},{"ancestorTitles":["P2: Replay + Idempotency Load Tests","Crash Recovery & Replay"],"duration":1,"failureDetails":[],"failureMessages":[],"fullName":"P2: Replay + Idempotency Load Tests Crash Recovery & Replay should detect corrupted events","invocations":1,"location":null,"numPassingAsserts":2,"retryReasons":[],"status":"passed","title":"should detect corrupted events"},{"ancestorTitles":["P2: Replay + Idempotency Load Tests","Crash Recovery & Replay"],"duration":1,"failureDetails":[],"failureMessages":[],"fullName":"P2: Replay + Idempotency Load Tests Crash Recovery & Replay should measure recovery time","invocations":1,"location":null,"numPassingAsserts":2,"retryReasons":[],"status":"passed","title":"should measure recovery time"},{"ancestorTitles":["P2: Replay + Idempotency Load Tests","Crash Recovery & Replay"],"duration":1,"failureDetails":[],"failureMessages":[],"fullName":"P2: Replay + Idempotency Load Tests Crash Recovery & Replay should handle empty failed event list","invocations":1,"location":null,"numPassingAsserts":2,"retryReasons":[],"status":"passed","title":"should handle empty failed event list"},{"ancestorTitles":["P2: Replay + Idempotency Load Tests","Crash Recovery & Replay"],"duration":1,"failureDetails":[],"failureMessages":[],"fullName":"P2: Replay + Idempotency Load Tests Crash Recovery & Replay should compute recovery rate","invocations":1,"location":null,"numPassingAsserts":2,"retryReasons":[],"status":"passed","title":"should compute recovery rate"},{"ancestorTitles":["P2: Replay + Idempotency Load Tests","No Double Mutations"],"duration":1,"failureDetails":[],"failureMessages":[],"fullName":"P2: Replay + Idempotency Load Tests No Double Mutations should detect duplicate mutations","invocations":1,"location":null,"numPassingAsserts":4,"retryReasons":[],"status":"passed","title":"should detect duplicate mutations"},{"ancestorTitles":["P2: Replay + Idempotency Load Tests","No Double Mutations"],"duration":1,"failureDetails":[],"failureMessages":[],"fullName":"P2: Replay + Idempotency Load Tests No Double Mutations should pass validation with unique mutations","invocations":1,"location":null,"numPassingAsserts":5,"retryReasons":[],"status":"passed","title":"should pass validation with unique mutations"},{"ancestorTitles":["P2: Replay + Idempotency Load Tests","No Double Mutations"],"duration":1,"failureDetails":[],"failureMessages":[],"fullName":"P2: Replay + Idempotency Load Tests No Double Mutations should handle empty mutations","invocations":1,"location":null,"numPassingAsserts":4,"retryReasons":[],"status":"passed","title":"should handle empty mutations"},{"ancestorTitles":["P2: Replay + Idempotency Load Tests","No Double Mutations"],"duration":1,"failureDetails":[],"failureMessages":[],"fullName":"P2: Replay + Idempotency Load Tests No Double Mutations should report consistency status","invocations":1,"location":null,"numPassingAsserts":2,"retryReasons":[],"status":"passed","title":"should report consistency status"},{"ancestorTitles":["P2: Replay + Idempotency Load Tests","Deterministic Convergence"],"duration":2,"failureDetails":[],"failureMessages":[],"fullName":"P2: Replay + Idempotency Load Tests Deterministic Convergence should compare state signatures","invocations":1,"location":null,"numPassingAsserts":4,"retryReasons":[],"status":"passed","title":"should compare state signatures"},{"ancestorTitles":["P2: Replay + Idempotency Load Tests","Deterministic Convergence"],"duration":1,"failureDetails":[],"failureMessages":[],"fullName":"P2: Replay + Idempotency Load Tests Deterministic Convergence should detect divergence","invocations":1,"location":null,"numPassingAsserts":2,"retryReasons":[],"status":"passed","title":"should detect divergence"},{"ancestorTitles":["P2: Replay + Idempotency Load Tests","Deterministic Convergence"],"duration":1,"failureDetails":[],"failureMessages":[],"fullName":"P2: Replay + Idempotency Load Tests Deterministic Convergence should compute consistent signatures","invocations":1,"location":null,"numPassingAsserts":1,"retryReasons":[],"status":"passed","title":"should compute consistent signatures"},{"ancestorTitles":["P2: Replay + Idempotency Load Tests","Full P2 Load Test Suite"],"duration":2,"failureDetails":[],"failureMessages":[],"fullName":"P2: Replay + Idempotency Load Tests Full P2 Load Test Suite should run complete load test suite","invocations":1,"location":null,"numPassingAsserts":5,"retryReasons":[],"status":"passed","title":"should run complete load test suite"},{"ancestorTitles":["P2: Replay + Idempotency Load Tests","Full P2 Load Test Suite"],"duration":2,"failureDetails":[],"failureMessages":[],"fullName":"P2: Replay + Idempotency Load Tests Full P2 Load Test Suite should measure total test duration","invocations":1,"location":null,"numPassingAsserts":3,"retryReasons":[],"status":"passed","title":"should measure total test duration"},{"ancestorTitles":["P2: Replay + Idempotency Load Tests","Full P2 Load Test Suite"],"duration":3,"failureDetails":[],"failureMessages":[],"fullName":"P2: Replay + Idempotency Load Tests Full P2 Load Test Suite should report pass/fail status","invocations":1,"location":null,"numPassingAsserts":2,"retryReasons":[],"status":"passed","title":"should report pass/fail status"},{"ancestorTitles":["P2: Replay + Idempotency Load Tests","Full P2 Load Test Suite"],"duration":3,"failureDetails":[],"failureMessages":[],"fullName":"P2: Replay + Idempotency Load Tests Full P2 Load Test Suite should handle errors gracefully","invocations":1,"location":null,"numPassingAsserts":2,"retryReasons":[],"status":"passed","title":"should handle errors gracefully"},{"ancestorTitles":["P2: Replay + Idempotency Load Tests","Full P2 Load Test Suite"],"duration":3,"failureDetails":[],"failureMessages":[],"fullName":"P2: Replay + Idempotency Load Tests Full P2 Load Test Suite should detail all test results","invocations":1,"location":null,"numPassingAsserts":4,"retryReasons":[],"status":"passed","title":"should detail all test results"},{"ancestorTitles":["P2: Replay + Idempotency Load Tests","Idempotency Properties"],"duration":2,"failureDetails":[],"failureMessages":[],"fullName":"P2: Replay + Idempotency Load Tests Idempotency Properties duplicate requests should be idempotent","invocations":1,"location":null,"numPassingAsserts":2,"retryReasons":[],"status":"passed","title":"duplicate requests should be idempotent"},{"ancestorTitles":["P2: Replay + Idempotency Load Tests","Idempotency Properties"],"duration":1,"failureDetails":[],"failureMessages":[],"fullName":"P2: Replay + Idempotency Load Tests Idempotency Properties replay should be idempotent","invocations":1,"location":null,"numPassingAsserts":2,"retryReasons":[],"status":"passed","title":"replay should be idempotent"},{"ancestorTitles":["P2: Replay + Idempotency Load Tests","Idempotency Properties"],"duration":1,"failureDetails":[],"failureMessages":[],"fullName":"P2: Replay + Idempotency Load Tests Idempotency Properties out-of-order delivery should be idempotent","invocations":1,"location":null,"numPassingAsserts":1,"retryReasons":[],"status":"passed","title":"out-of-order delivery should be idempotent"},{"ancestorTitles":["P2: Replay + Idempotency Load Tests","Lease & Signature Verification"],"duration":2,"failureDetails":[],"failureMessages":[],"fullName":"P2: Replay + Idempotency Load Tests Lease & Signature Verification crash recovery should verify signatures","invocations":1,"location":null,"numPassingAsserts":2,"retryReasons":[],"status":"passed","title":"crash recovery should verify signatures"},{"ancestorTitles":["P2: Replay + Idempotency Load Tests","Lease & Signature Verification"],"duration":3,"failureDetails":[],"failureMessages":[],"fullName":"P2: Replay + Idempotency Load Tests Lease & Signature Verification out-of-order should respect lease ownership","invocations":1,"location":null,"numPassingAsserts":5,"retryReasons":[],"status":"passed","title":"out-of-order should respect lease ownership"},{"ancestorTitles":["P2: Replay + Idempotency Load Tests","Lease & Signature Verification"],"duration":1,"failureDetails":[],"failureMessages":[],"fullName":"P2: Replay + Idempotency Load Tests Lease & Signature Verification concurrent storm should verify all signatures","invocations":1,"location":null,"numPassingAsserts":1,"retryReasons":[],"status":"passed","title":"concurrent storm should verify all signatures"},{"ancestorTitles":["P2: Replay + Idempotency Load Tests","Deterministic Convergence"],"duration":1,"failureDetails":[],"failureMessages":[],"fullName":"P2: Replay + Idempotency Load Tests Deterministic Convergence same events in different order should converge","invocations":1,"location":null,"numPassingAsserts":2,"retryReasons":[],"status":"passed","title":"same events in different order should converge"},{"ancestorTitles":["P2: Replay + Idempotency Load Tests","Deterministic Convergence"],"duration":1,"failureDetails":[],"failureMessages":[],"fullName":"P2: Replay + Idempotency Load Tests Deterministic Convergence replay after crash should converge to original state","invocations":1,"location":null,"numPassingAsserts":2,"retryReasons":[],"status":"passed","title":"replay after crash should converge to original state"},{"ancestorTitles":["P2: Replay + Idempotency Load Tests","Stress Test Edge Cases"],"duration":1,"failureDetails":[],"failureMessages":[],"fullName":"P2: Replay + Idempotency Load Tests Stress Test Edge Cases should handle 0 events gracefully","invocations":1,"location":null,"numPassingAsserts":2,"retryReasons":[],"status":"passed","title":"should handle 0 events gracefully"},{"ancestorTitles":["P2: Replay + Idempotency Load Tests","Stress Test Edge Cases"],"duration":1,"failureDetails":[],"failureMessages":[],"fullName":"P2: Replay + Idempotency Load Tests Stress Test Edge Cases should handle 1 event","invocations":1,"location":null,"numPassingAsserts":2,"retryReasons":[],"status":"passed","title":"should handle 1 event"},{"ancestorTitles":["P2: Replay + Idempotency Load Tests","Stress Test Edge Cases"],"duration":1,"failureDetails":[],"failureMessages":[],"fullName":"P2: Replay + Idempotency Load Tests Stress Test Edge Cases should handle high concurrency","invocations":1,"location":null,"numPassingAsserts":2,"retryReasons":[],"status":"passed","title":"should handle high concurrency"},{"ancestorTitles":["P2: Replay + Idempotency Load Tests","Stress Test Edge Cases"],"duration":1,"failureDetails":[],"failureMessages":[],"fullName":"P2: Replay + Idempotency Load Tests Stress Test Edge Cases should handle low concurrency","invocations":1,"location":null,"numPassingAsserts":2,"retryReasons":[],"status":"passed","title":"should handle low concurrency"}],"endTime":1778908645801,"message":"","name":"C:\\Users\\KAKARLA RAJESH\\OneDrive\\Pictures\\planbuddy_v9_backend_productivity\\planbuddy_v9\\__tests__\\loadTest.unit.test.js","startTime":1778908645507,"status":"passed","summary":""},{"assertionResults":[{"ancestorTitles":["Execution Ownership Audit Service","Webhook Ingress Contract"],"duration":1,"failureDetails":[],"failureMessages":[],"fullName":"Execution Ownership Audit Service Webhook Ingress Contract should require signature verification","invocations":1,"location":null,"numPassingAsserts":3,"retryReasons":[],"status":"passed","title":"should require signature verification"},{"ancestorTitles":["Execution Ownership Audit Service","Webhook Ingress Contract"],"duration":1,"failureDetails":[],"failureMessages":[],"fullName":"Execution Ownership Audit Service Webhook Ingress Contract should require payload_bytes storage","invocations":1,"location":null,"numPassingAsserts":1,"retryReasons":[],"status":"passed","title":"should require payload_bytes storage"},{"ancestorTitles":["Execution Ownership Audit Service","Webhook Ingress Contract"],"duration":1,"failureDetails":[],"failureMessages":[],"fullName":"Execution Ownership Audit Service Webhook Ingress Contract should require signature storage","invocations":1,"location":null,"numPassingAsserts":1,"retryReasons":[],"status":"passed","title":"should require signature storage"},{"ancestorTitles":["Execution Ownership Audit Service","Webhook Ingress Contract"],"duration":0,"failureDetails":[],"failureMessages":[],"fullName":"Execution Ownership Audit Service Webhook Ingress Contract should require verified_at timestamp","invocations":1,"location":null,"numPassingAsserts":1,"retryReasons":[],"status":"passed","title":"should require verified_at timestamp"},{"ancestorTitles":["Execution Ownership Audit Service","Webhook Ingress Contract"],"duration":0,"failureDetails":[],"failureMessages":[],"fullName":"Execution Ownership Audit Service Webhook Ingress Contract should require lease_version storage","invocations":1,"location":null,"numPassingAsserts":1,"retryReasons":[],"status":"passed","title":"should require lease_version storage"},{"ancestorTitles":["Execution Ownership Audit Service","Webhook Ingress Contract"],"duration":0,"failureDetails":[],"failureMessages":[],"fullName":"Execution Ownership Audit Service Webhook Ingress Contract should require idempotency (ON CONFLICT)","invocations":1,"location":null,"numPassingAsserts":1,"retryReasons":[],"status":"passed","title":"should require idempotency (ON CONFLICT)"},{"ancestorTitles":["Execution Ownership Audit Service","Replay Verification Contract"],"duration":1,"failureDetails":[],"failureMessages":[],"fullName":"Execution Ownership Audit Service Replay Verification Contract should require signature re-verification","invocations":1,"location":null,"numPassingAsserts":3,"retryReasons":[],"status":"passed","title":"should require signature re-verification"},{"ancestorTitles":["Execution Ownership Audit Service","Replay Verification Contract"],"duration":1,"failureDetails":[],"failureMessages":[],"fullName":"Execution Ownership Audit Service Replay Verification Contract should require lease acquisition","invocations":1,"location":null,"numPassingAsserts":1,"retryReasons":[],"status":"passed","title":"should require lease acquisition"},{"ancestorTitles":["Execution Ownership Audit Service","Replay Verification Contract"],"duration":1,"failureDetails":[],"failureMessages":[],"fullName":"Execution Ownership Audit Service Replay Verification Contract should require advisory lock","invocations":1,"location":null,"numPassingAsserts":1,"retryReasons":[],"status":"passed","title":"should require advisory lock"},{"ancestorTitles":["Execution Ownership Audit Service","Replay Verification Contract"],"duration":1,"failureDetails":[],"failureMessages":[],"fullName":"Execution Ownership Audit Service Replay Verification Contract should enforce lease_version before mutation","invocations":1,"location":null,"numPassingAsserts":1,"retryReasons":[],"status":"passed","title":"should enforce lease_version before mutation"},{"ancestorTitles":["Execution Ownership Audit Service","Replay Verification Contract"],"duration":1,"failureDetails":[],"failureMessages":[],"fullName":"Execution Ownership Audit Service Replay Verification Contract should prevent unsigned replays","invocations":1,"location":null,"numPassingAsserts":1,"retryReasons":[],"status":"passed","title":"should prevent unsigned replays"},{"ancestorTitles":["Execution Ownership Audit Service","Payment Applier Contract"],"duration":1,"failureDetails":[],"failureMessages":[],"fullName":"Execution Ownership Audit Service Payment Applier Contract should be idempotent","invocations":1,"location":null,"numPassingAsserts":3,"retryReasons":[],"status":"passed","title":"should be idempotent"},{"ancestorTitles":["Execution Ownership Audit Service","Payment Applier Contract"],"duration":1,"failureDetails":[],"failureMessages":[],"fullName":"Execution Ownership Audit Service Payment Applier Contract should enforce state transitions","invocations":1,"location":null,"numPassingAsserts":1,"retryReasons":[],"status":"passed","title":"should enforce state transitions"},{"ancestorTitles":["Execution Ownership Audit Service","Payment Applier Contract"],"duration":0,"failureDetails":[],"failureMessages":[],"fullName":"Execution Ownership Audit Service Payment Applier Contract should not call external APIs","invocations":1,"location":null,"numPassingAsserts":1,"retryReasons":[],"status":"passed","title":"should not call external APIs"},{"ancestorTitles":["Execution Ownership Audit Service","Payment Applier Contract"],"duration":0,"failureDetails":[],"failureMessages":[],"fullName":"Execution Ownership Audit Service Payment Applier Contract should update bookings atomically with payments","invocations":1,"location":null,"numPassingAsserts":1,"retryReasons":[],"status":"passed","title":"should update bookings atomically with payments"},{"ancestorTitles":["Execution Ownership Audit Service","Refund Applier Contract"],"duration":1,"failureDetails":[],"failureMessages":[],"fullName":"Execution Ownership Audit Service Refund Applier Contract should be idempotent","invocations":1,"location":null,"numPassingAsserts":3,"retryReasons":[],"status":"passed","title":"should be idempotent"},{"ancestorTitles":["Execution Ownership Audit Service","Refund Applier Contract"],"duration":1,"failureDetails":[],"failureMessages":[],"fullName":"Execution Ownership Audit Service Refund Applier Contract should enforce refund state machine","invocations":1,"location":null,"numPassingAsserts":1,"retryReasons":[],"status":"passed","title":"should enforce refund state machine"},{"ancestorTitles":["Execution Ownership Audit Service","Refund Applier Contract"],"duration":1,"failureDetails":[],"failureMessages":[],"fullName":"Execution Ownership Audit Service Refund Applier Contract should update payments atomically","invocations":1,"location":null,"numPassingAsserts":1,"retryReasons":[],"status":"passed","title":"should update payments atomically"},{"ancestorTitles":["Execution Ownership Audit Service","Refund Applier Contract"],"duration":1,"failureDetails":[],"failureMessages":[],"fullName":"Execution Ownership Audit Service Refund Applier Contract should update bookings atomically","invocations":1,"location":null,"numPassingAsserts":1,"retryReasons":[],"status":"passed","title":"should update bookings atomically"},{"ancestorTitles":["Execution Ownership Audit Service","Refund Applier Contract"],"duration":0,"failureDetails":[],"failureMessages":[],"fullName":"Execution Ownership Audit Service Refund Applier Contract should not call external APIs","invocations":1,"location":null,"numPassingAsserts":1,"retryReasons":[],"status":"passed","title":"should not call external APIs"},{"ancestorTitles":["Execution Ownership Audit Service","Manual Refund Contract"],"duration":1,"failureDetails":[],"failureMessages":[],"fullName":"Execution Ownership Audit Service Manual Refund Contract should authenticate user owns booking","invocations":1,"location":null,"numPassingAsserts":3,"retryReasons":[],"status":"passed","title":"should authenticate user owns booking"},{"ancestorTitles":["Execution Ownership Audit Service","Manual Refund Contract"],"duration":1,"failureDetails":[],"failureMessages":[],"fullName":"Execution Ownership Audit Service Manual Refund Contract should use distributed lock (Redis)","invocations":1,"location":null,"numPassingAsserts":1,"retryReasons":[],"status":"passed","title":"should use distributed lock (Redis)"},{"ancestorTitles":["Execution Ownership Audit Service","Manual Refund Contract"],"duration":0,"failureDetails":[],"failureMessages":[],"fullName":"Execution Ownership Audit Service Manual Refund Contract should use SELECT FOR UPDATE","invocations":1,"location":null,"numPassingAsserts":1,"retryReasons":[],"status":"passed","title":"should use SELECT FOR UPDATE"},{"ancestorTitles":["Execution Ownership Audit Service","Manual Refund Contract"],"duration":0,"failureDetails":[],"failureMessages":[],"fullName":"Execution Ownership Audit Service Manual Refund Contract should check idempotency before Razorpay call","invocations":1,"location":null,"numPassingAsserts":1,"retryReasons":[],"status":"passed","title":"should check idempotency before Razorpay call"},{"ancestorTitles":["Execution Ownership Audit Service","Manual Refund Contract"],"duration":1,"failureDetails":[],"failureMessages":[],"fullName":"Execution Ownership Audit Service Manual Refund Contract should pass idempotency_key to Razorpay","invocations":1,"location":null,"numPassingAsserts":1,"retryReasons":[],"status":"passed","title":"should pass idempotency_key to Razorpay"},{"ancestorTitles":["Execution Ownership Audit Service","Manual Refund Contract"],"duration":0,"failureDetails":[],"failureMessages":[],"fullName":"Execution Ownership Audit Service Manual Refund Contract should store idempotency_key in DB","invocations":1,"location":null,"numPassingAsserts":1,"retryReasons":[],"status":"passed","title":"should store idempotency_key in DB"},{"ancestorTitles":["Execution Ownership Audit Service","Admin Replay Contract"],"duration":1,"failureDetails":[],"failureMessages":[],"fullName":"Execution Ownership Audit Service Admin Replay Contract should require admin authorization","invocations":1,"location":null,"numPassingAsserts":3,"retryReasons":[],"status":"passed","title":"should require admin authorization"},{"ancestorTitles":["Execution Ownership Audit Service","Admin Replay Contract"],"duration":1,"failureDetails":[],"failureMessages":[],"fullName":"Execution Ownership Audit Service Admin Replay Contract should re-verify signature","invocations":1,"location":null,"numPassingAsserts":1,"retryReasons":[],"status":"passed","title":"should re-verify signature"},{"ancestorTitles":["Execution Ownership Audit Service","Admin Replay Contract"],"duration":0,"failureDetails":[],"failureMessages":[],"fullName":"Execution Ownership Audit Service Admin Replay Contract should acquire lease before mutation","invocations":1,"location":null,"numPassingAsserts":1,"retryReasons":[],"status":"passed","title":"should acquire lease before mutation"},{"ancestorTitles":["Execution Ownership Audit Service","Admin Replay Contract"],"duration":0,"failureDetails":[],"failureMessages":[],"fullName":"Execution Ownership Audit Service Admin Replay Contract should prevent bypass to unsigned apply","invocations":1,"location":null,"numPassingAsserts":1,"retryReasons":[],"status":"passed","title":"should prevent bypass to unsigned apply"},{"ancestorTitles":["Execution Ownership Audit Service","Full Audit Report"],"duration":1,"failureDetails":[],"failureMessages":[],"fullName":"Execution Ownership Audit Service Full Audit Report should run all path audits","invocations":1,"location":null,"numPassingAsserts":2,"retryReasons":[],"status":"passed","title":"should run all path audits"},{"ancestorTitles":["Execution Ownership Audit Service","Full Audit Report"],"duration":4,"failureDetails":[],"failureMessages":[],"fullName":"Execution Ownership Audit Service Full Audit Report should report compliance status","invocations":1,"location":null,"numPassingAsserts":3,"retryReasons":[],"status":"passed","title":"should report compliance status"},{"ancestorTitles":["Execution Ownership Audit Service","Full Audit Report"],"duration":2,"failureDetails":[],"failureMessages":[],"fullName":"Execution Ownership Audit Service Full Audit Report should list all path names","invocations":1,"location":null,"numPassingAsserts":6,"retryReasons":[],"status":"passed","title":"should list all path names"},{"ancestorTitles":["Execution Ownership Audit Service","Full Audit Report"],"duration":1,"failureDetails":[],"failureMessages":[],"fullName":"Execution Ownership Audit Service Full Audit Report should be fully compliant if all paths pass","invocations":1,"location":null,"numPassingAsserts":2,"retryReasons":[],"status":"passed","title":"should be fully compliant if all paths pass"},{"ancestorTitles":["Execution Ownership Audit Service","Full Audit Report"],"duration":1,"failureDetails":[],"failureMessages":[],"fullName":"Execution Ownership Audit Service Full Audit Report should detail violations if any","invocations":1,"location":null,"numPassingAsserts":0,"retryReasons":[],"status":"passed","title":"should detail violations if any"},{"ancestorTitles":["Execution Ownership Audit Service","Compliance Properties"],"duration":1,"failureDetails":[],"failureMessages":[],"fullName":"Execution Ownership Audit Service Compliance Properties webhook ingress requires signature verification","invocations":1,"location":null,"numPassingAsserts":1,"retryReasons":[],"status":"passed","title":"webhook ingress requires signature verification"},{"ancestorTitles":["Execution Ownership Audit Service","Compliance Properties"],"duration":0,"failureDetails":[],"failureMessages":[],"fullName":"Execution Ownership Audit Service Compliance Properties replay verification requires signature re-verification","invocations":1,"location":null,"numPassingAsserts":1,"retryReasons":[],"status":"passed","title":"replay verification requires signature re-verification"},{"ancestorTitles":["Execution Ownership Audit Service","Compliance Properties"],"duration":1,"failureDetails":[],"failureMessages":[],"fullName":"Execution Ownership Audit Service Compliance Properties payment/refund appliers are idempotent","invocations":1,"location":null,"numPassingAsserts":2,"retryReasons":[],"status":"passed","title":"payment/refund appliers are idempotent"},{"ancestorTitles":["Execution Ownership Audit Service","Compliance Properties"],"duration":1,"failureDetails":[],"failureMessages":[],"fullName":"Execution Ownership Audit Service Compliance Properties manual refund prevents double-charge","invocations":1,"location":null,"numPassingAsserts":1,"retryReasons":[],"status":"passed","title":"manual refund prevents double-charge"},{"ancestorTitles":["Execution Ownership Audit Service","Compliance Properties"],"duration":0,"failureDetails":[],"failureMessages":[],"fullName":"Execution Ownership Audit Service Compliance Properties admin replay cannot bypass signature verification","invocations":1,"location":null,"numPassingAsserts":1,"retryReasons":[],"status":"passed","title":"admin replay cannot bypass signature verification"},{"ancestorTitles":["Execution Ownership Audit Service","Violation Detection"],"duration":1,"failureDetails":[],"failureMessages":[],"fullName":"Execution Ownership Audit Service Violation Detection should detect missing signature verification","invocations":1,"location":null,"numPassingAsserts":2,"retryReasons":[],"status":"passed","title":"should detect missing signature verification"},{"ancestorTitles":["Execution Ownership Audit Service","Violation Detection"],"duration":1,"failureDetails":[],"failureMessages":[],"fullName":"Execution Ownership Audit Service Violation Detection should detect missing lease ownership","invocations":1,"location":null,"numPassingAsserts":2,"retryReasons":[],"status":"passed","title":"should detect missing lease ownership"},{"ancestorTitles":["Execution Ownership Audit Service","Violation Detection"],"duration":2,"failureDetails":[],"failureMessages":[],"fullName":"Execution Ownership Audit Service Violation Detection should detect missing advisory lock","invocations":1,"location":null,"numPassingAsserts":2,"retryReasons":[],"status":"passed","title":"should detect missing advisory lock"},{"ancestorTitles":["Execution Ownership Audit Service","Violation Detection"],"duration":0,"failureDetails":[],"failureMessages":[],"fullName":"Execution Ownership Audit Service Violation Detection should detect missing idempotency","invocations":1,"location":null,"numPassingAsserts":2,"retryReasons":[],"status":"passed","title":"should detect missing idempotency"},{"ancestorTitles":["Execution Ownership Audit Service","Integration Scenarios"],"duration":1,"failureDetails":[],"failureMessages":[],"fullName":"Execution Ownership Audit Service Integration Scenarios webhook ingress + replay path should both verify","invocations":1,"location":null,"numPassingAsserts":2,"retryReasons":[],"status":"passed","title":"webhook ingress + replay path should both verify"},{"ancestorTitles":["Execution Ownership Audit Service","Integration Scenarios"],"duration":1,"failureDetails":[],"failureMessages":[],"fullName":"Execution Ownership Audit Service Integration Scenarios payment applier + refund applier should both be idempotent","invocations":1,"location":null,"numPassingAsserts":2,"retryReasons":[],"status":"passed","title":"payment applier + refund applier should both be idempotent"},{"ancestorTitles":["Execution Ownership Audit Service","Integration Scenarios"],"duration":1,"failureDetails":[],"failureMessages":[],"fullName":"Execution Ownership Audit Service Integration Scenarios manual refund + admin replay should both lock","invocations":1,"location":null,"numPassingAsserts":2,"retryReasons":[],"status":"passed","title":"manual refund + admin replay should both lock"}],"endTime":1778908646079,"message":"","name":"C:\\Users\\KAKARLA RAJESH\\OneDrive\\Pictures\\planbuddy_v9_backend_productivity\\planbuddy_v9\\__tests__\\executionOwnershipAudit.unit.test.js","startTime":1778908645818,"status":"passed","summary":""},{"assertionResults":[{"ancestorTitles":["Webhook Authenticity Model (Unit Tests)","Valid Signature Verification"],"duration":4,"failureDetails":[],"failureMessages":[],"fullName":"Webhook Authenticity Model (Unit Tests) Valid Signature Verification should verify valid HMAC-SHA256 signature","invocations":1,"location":null,"numPassingAsserts":3,"retryReasons":[],"status":"passed","title":"should verify valid HMAC-SHA256 signature"},{"ancestorTitles":["Webhook Authenticity Model (Unit Tests)","Valid Signature Verification"],"duration":1,"failureDetails":[],"failureMessages":[],"fullName":"Webhook Authenticity Model (Unit Tests) Valid Signature Verification should extract payload bytes correctly","invocations":1,"location":null,"numPassingAsserts":1,"retryReasons":[],"status":"passed","title":"should extract payload bytes correctly"},{"ancestorTitles":["Webhook Authenticity Model (Unit Tests)","Invalid Signature Rejection"],"duration":3,"failureDetails":[],"failureMessages":[],"fullName":"Webhook Authenticity Model (Unit Tests) Invalid Signature Rejection should reject invalid signature","invocations":1,"location":null,"numPassingAsserts":1,"retryReasons":[],"status":"passed","title":"should reject invalid signature"},{"ancestorTitles":["Webhook Authenticity Model (Unit Tests)","Invalid Signature Rejection"],"duration":35,"failureDetails":[],"failureMessages":[],"fullName":"Webhook Authenticity Model (Unit Tests) Invalid Signature Rejection should reject missing payload","invocations":1,"location":null,"numPassingAsserts":1,"retryReasons":[],"status":"passed","title":"should reject missing payload"},{"ancestorTitles":["Webhook Authenticity Model (Unit Tests)","Invalid Signature Rejection"],"duration":2,"failureDetails":[],"failureMessages":[],"fullName":"Webhook Authenticity Model (Unit Tests) Invalid Signature Rejection should reject missing signature","invocations":1,"location":null,"numPassingAsserts":1,"retryReasons":[],"status":"passed","title":"should reject missing signature"},{"ancestorTitles":["Webhook Authenticity Model (Unit Tests)","Tampered Payload Detection"],"duration":3,"failureDetails":[],"failureMessages":[],"fullName":"Webhook Authenticity Model (Unit Tests) Tampered Payload Detection should fail if payload is modified after signature","invocations":1,"location":null,"numPassingAsserts":1,"retryReasons":[],"status":"passed","title":"should fail if payload is modified after signature"},{"ancestorTitles":["Webhook Authenticity Model (Unit Tests)","Tampered Payload Detection"],"duration":2,"failureDetails":[],"failureMessages":[],"fullName":"Webhook Authenticity Model (Unit Tests) Tampered Payload Detection should detect whitespace changes in payload","invocations":1,"location":null,"numPassingAsserts":1,"retryReasons":[],"status":"passed","title":"should detect whitespace changes in payload"},{"ancestorTitles":["Webhook Authenticity Model (Unit Tests)","Replay Signature Verification"],"duration":2,"failureDetails":[],"failureMessages":[],"fullName":"Webhook Authenticity Model (Unit Tests) Replay Signature Verification should verify replay signature matches stored data","invocations":1,"location":null,"numPassingAsserts":2,"retryReasons":[],"status":"passed","title":"should verify replay signature matches stored data"},{"ancestorTitles":["Webhook Authenticity Model (Unit Tests)","Replay Signature Verification"],"duration":2,"failureDetails":[],"failureMessages":[],"fullName":"Webhook Authenticity Model (Unit Tests) Replay Signature Verification should reject replay if stored payload is corrupted","invocations":1,"location":null,"numPassingAsserts":1,"retryReasons":[],"status":"passed","title":"should reject replay if stored payload is corrupted"},{"ancestorTitles":["Webhook Authenticity Model (Unit Tests)","Replay Signature Verification"],"duration":2,"failureDetails":[],"failureMessages":[],"fullName":"Webhook Authenticity Model (Unit Tests) Replay Signature Verification should reject replay if stored signature is corrupted","invocations":1,"location":null,"numPassingAsserts":1,"retryReasons":[],"status":"passed","title":"should reject replay if stored signature is corrupted"},{"ancestorTitles":["Webhook Authenticity Model (Unit Tests)","Webhook Verification Assertion"],"duration":1,"failureDetails":[],"failureMessages":[],"fullName":"Webhook Authenticity Model (Unit Tests) Webhook Verification Assertion should assert webhook is authenticated","invocations":1,"location":null,"numPassingAsserts":1,"retryReasons":[],"status":"passed","title":"should assert webhook is authenticated"},{"ancestorTitles":["Webhook Authenticity Model (Unit Tests)","Webhook Verification Assertion"],"duration":1,"failureDetails":[],"failureMessages":[],"fullName":"Webhook Authenticity Model (Unit Tests) Webhook Verification Assertion should reject webhook without signature","invocations":1,"location":null,"numPassingAsserts":1,"retryReasons":[],"status":"passed","title":"should reject webhook without signature"},{"ancestorTitles":["Webhook Authenticity Model (Unit Tests)","Webhook Verification Assertion"],"duration":1,"failureDetails":[],"failureMessages":[],"fullName":"Webhook Authenticity Model (Unit Tests) Webhook Verification Assertion should reject webhook without verified_at","invocations":1,"location":null,"numPassingAsserts":1,"retryReasons":[],"status":"passed","title":"should reject webhook without verified_at"},{"ancestorTitles":["Webhook Authenticity Model (Unit Tests)","Webhook Verification Assertion"],"duration":1,"failureDetails":[],"failureMessages":[],"fullName":"Webhook Authenticity Model (Unit Tests) Webhook Verification Assertion should reject webhook without lease ownership","invocations":1,"location":null,"numPassingAsserts":1,"retryReasons":[],"status":"passed","title":"should reject webhook without lease ownership"},{"ancestorTitles":["Webhook Authenticity Model (Unit Tests)","Payload Bytes Extraction"],"duration":0,"failureDetails":[],"failureMessages":[],"fullName":"Webhook Authenticity Model (Unit Tests) Payload Bytes Extraction should extract string payload as-is","invocations":1,"location":null,"numPassingAsserts":1,"retryReasons":[],"status":"passed","title":"should extract string payload as-is"},{"ancestorTitles":["Webhook Authenticity Model (Unit Tests)","Payload Bytes Extraction"],"duration":0,"failureDetails":[],"failureMessages":[],"fullName":"Webhook Authenticity Model (Unit Tests) Payload Bytes Extraction should extract Buffer to string","invocations":1,"location":null,"numPassingAsserts":1,"retryReasons":[],"status":"passed","title":"should extract Buffer to string"},{"ancestorTitles":["Webhook Authenticity Model (Unit Tests)","Payload Bytes Extraction"],"duration":0,"failureDetails":[],"failureMessages":[],"fullName":"Webhook Authenticity Model (Unit Tests) Payload Bytes Extraction should extract object by re-stringifying","invocations":1,"location":null,"numPassingAsserts":1,"retryReasons":[],"status":"passed","title":"should extract object by re-stringifying"},{"ancestorTitles":["Webhook Authenticity Model (Unit Tests)","Payload Bytes Extraction"],"duration":1,"failureDetails":[],"failureMessages":[],"fullName":"Webhook Authenticity Model (Unit Tests) Payload Bytes Extraction should handle empty/null gracefully","invocations":1,"location":null,"numPassingAsserts":3,"retryReasons":[],"status":"passed","title":"should handle empty/null gracefully"}],"endTime":1778908646412,"message":"","name":"C:\\Users\\KAKARLA RAJESH\\OneDrive\\Pictures\\planbuddy_v9_backend_productivity\\planbuddy_v9\\__tests__\\webhookAuthenticity.unit.test.js","startTime":1778908646093,"status":"passed","summary":""}],"wasInterrupted":false}
